<?xml version="1.0" encoding="UTF-8"?>
<testng-results ignored="0" total="3" passed="3" failed="0" skipped="0">
  <reporter-output>
    <line>
      <![CDATA[m2 running]]>
    </line>
    <line>
      <![CDATA[hello hiee]]>
    </line>
    <line>
      <![CDATA[hello]]>
    </line>
    <line>
      <![CDATA[hieeeeee]]>
    </line>
  </reporter-output>
  <suite started-at="2023-01-10T23:22:15 IST" name="Suite" finished-at="2023-01-10T23:22:15 IST" duration-ms="205">
    <groups>
    </groups>
    <test started-at="2023-01-10T23:22:15 IST" name="Test" finished-at="2023-01-10T23:22:15 IST" duration-ms="205">
      <class name="com.Jenkkins.DemoTest3">
        <test-method signature="m3()[pri:0, instance:com.Jenkkins.DemoTest3@614ca7df]" started-at="2023-01-10T23:22:15 IST" name="m3" finished-at="2023-01-10T23:22:15 IST" duration-ms="13" status="PASS">
          <reporter-output>
            <line>
              <![CDATA[hieeeeee]]>
            </line>
          </reporter-output>
        </test-method> <!-- m3 -->
      </class> <!-- com.Jenkkins.DemoTest3 -->
      <class name="com.Jenkkins.DemoTest2">
        <test-method signature="m2()[pri:0, instance:com.Jenkkins.DemoTest2@4d465b11]" started-at="2023-01-10T23:22:15 IST" name="m2" finished-at="2023-01-10T23:22:15 IST" duration-ms="30" status="PASS">
          <reporter-output>
            <line>
              <![CDATA[m2 running]]>
            </line>
            <line>
              <![CDATA[hello hiee]]>
            </line>
          </reporter-output>
        </test-method> <!-- m2 -->
      </class> <!-- com.Jenkkins.DemoTest2 -->
      <class name="com.Jenkkins.DemoTest1">
        <test-method signature="m1()[pri:0, instance:com.Jenkkins.DemoTest1@6cd28fa7]" started-at="2023-01-10T23:22:15 IST" name="m1" finished-at="2023-01-10T23:22:15 IST" duration-ms="5" status="PASS">
          <reporter-output>
            <line>
              <![CDATA[hello]]>
            </line>
          </reporter-output>
        </test-method> <!-- m1 -->
      </class> <!-- com.Jenkkins.DemoTest1 -->
    </test> <!-- Test -->
  </suite> <!-- Suite -->
</testng-results>
